c:\users\aljaz konecnik\source\repos\colonizinggame\colonizinggame\x64\debug\vc142.pdb
c:\users\aljaz konecnik\source\repos\colonizinggame\colonizinggame\x64\debug\vc142.idb
c:\users\aljaz konecnik\source\repos\colonizinggame\colonizinggame\x64\debug\rectangle.obj
c:\users\aljaz konecnik\source\repos\colonizinggame\colonizinggame\x64\debug\entity.obj
c:\users\aljaz konecnik\source\repos\colonizinggame\colonizinggame\x64\debug\colonizinggame.obj
c:\users\aljaz konecnik\source\repos\colonizinggame\colonizinggame\x64\debug\window.obj
c:\users\aljaz konecnik\source\repos\colonizinggame\colonizinggame\x64\debug\noise.obj
c:\users\aljaz konecnik\source\repos\colonizinggame\colonizinggame\x64\debug\groundtile.obj
c:\users\aljaz konecnik\source\repos\colonizinggame\colonizinggame\x64\debug\ground.obj
c:\users\aljaz konecnik\source\repos\colonizinggame\colonizinggame\x64\debug\groundvertex.obj
c:\users\aljaz konecnik\source\repos\colonizinggame\colonizinggame\x64\debug\colonizinggame.obj.enc
c:\users\aljaz konecnik\source\repos\colonizinggame\colonizinggame\x64\debug\ground.obj.enc
c:\users\aljaz konecnik\source\repos\colonizinggame\colonizinggame\x64\debug\groundtile.obj.enc
c:\users\aljaz konecnik\source\repos\colonizinggame\colonizinggame\x64\debug\groundvertex.obj.enc
c:\users\aljaz konecnik\source\repos\colonizinggame\colonizinggame\x64\debug\noise.obj.enc
c:\users\aljaz konecnik\source\repos\colonizinggame\colonizinggame\x64\debug\window.obj.enc
c:\users\aljaz konecnik\source\repos\colonizinggame\x64\debug\colonizinggame.pdb
c:\users\aljaz konecnik\source\repos\colonizinggame\colonizinggame\x64\debug\colonizinggame.tlog\cl.command.1.tlog
c:\users\aljaz konecnik\source\repos\colonizinggame\colonizinggame\x64\debug\colonizinggame.tlog\cl.read.1.tlog
c:\users\aljaz konecnik\source\repos\colonizinggame\colonizinggame\x64\debug\colonizinggame.tlog\cl.write.1.tlog
c:\users\aljaz konecnik\source\repos\colonizinggame\colonizinggame\x64\debug\colonizinggame.tlog\link.15632-cvtres.read.1.tlog
c:\users\aljaz konecnik\source\repos\colonizinggame\colonizinggame\x64\debug\colonizinggame.tlog\link.15632-cvtres.write.1.tlog
c:\users\aljaz konecnik\source\repos\colonizinggame\colonizinggame\x64\debug\colonizinggame.tlog\link.15632-rc.read.1.tlog
c:\users\aljaz konecnik\source\repos\colonizinggame\colonizinggame\x64\debug\colonizinggame.tlog\link.15632-rc.write.1.tlog
c:\users\aljaz konecnik\source\repos\colonizinggame\colonizinggame\x64\debug\colonizinggame.tlog\link.15632.read.1.tlog
c:\users\aljaz konecnik\source\repos\colonizinggame\colonizinggame\x64\debug\colonizinggame.tlog\link.15632.write.1.tlog
c:\users\aljaz konecnik\source\repos\colonizinggame\colonizinggame\x64\debug\colonizinggame.tlog\link.command.1.tlog
c:\users\aljaz konecnik\source\repos\colonizinggame\colonizinggame\x64\debug\colonizinggame.tlog\link.read.1.tlog
c:\users\aljaz konecnik\source\repos\colonizinggame\colonizinggame\x64\debug\colonizinggame.tlog\link.write.1.tlog
